Using pre-set license
Built from '2020.2/staging' branch; Version is '2020.2.0b12 (92852ae685d8) revision 9602346'; Using compiler version '192528614'; Build Type 'Release'
OS: 'Windows 10  (10.0.0) 64bit' Language: 'zh' Physical Memory: 16283 MB
BatchMode: 1, IsHumanControllingUs: 0, StartBugReporterOnCrash: 0, Is64bit: 1, IsPro: 0

 COMMAND LINE ARGUMENTS:
F:\Program Files\Unity 2020.2.0b12\Editor\Unity.exe
-adb2
-batchMode
-noUpm
-name
AssetImportWorker0
-projectPath
F:/SVN/Signed-Distance-Field-Generator/unity/SDF Generator
-logFile
Logs/AssetImportWorker0.log
-srvPort
54011
Successfully changed project path to: F:/SVN/Signed-Distance-Field-Generator/unity/SDF Generator
F:/SVN/Signed-Distance-Field-Generator/unity/SDF Generator
Using Asset Import Pipeline V2.
Refreshing native plugins compatible for Editor in 254.74 ms, found 0 plugins.
Preloading 0 native plugins for Editor in 0.00 ms.
Initialize engine version: 2020.2.0b12 (92852ae685d8)
[Subsystems] Discovering subsystems at path F:/Program Files/Unity 2020.2.0b12/Editor/Data/Resources/UnitySubsystems
[Subsystems] Discovering subsystems at path F:/SVN/Signed-Distance-Field-Generator/unity/SDF Generator/Assets
GfxDevice: creating device client; threaded=0
Direct3D:
    Version:  Direct3D 11.0 [level 11.1]
    Renderer: NVIDIA GeForce GTX 1050 (ID=0x1c81)
    Vendor:   
    VRAM:     1977 MB
    Driver:   23.21.13.9135
Shader 'Universal Render Pipeline/Particles/Lit': fallback shader 'Universal Render Pipeline/Particles/SimpleLit' not found
Initialize mono
Mono path[0] = 'F:/Program Files/Unity 2020.2.0b12/Editor/Data/Managed'
Mono path[1] = 'F:/Program Files/Unity 2020.2.0b12/Editor/Data/MonoBleedingEdge/lib/mono/unityjit'
Mono config path = 'F:/Program Files/Unity 2020.2.0b12/Editor/Data/MonoBleedingEdge/etc'
Using monoOptions --debugger-agent=transport=dt_socket,embedding=1,server=y,suspend=n,address=127.0.0.1:56272
Begin MonoManager ReloadAssembly
Registering precompiled unity dll's ...
Register platform support module: F:/Program Files/Unity 2020.2.0b12/Editor/Data/PlaybackEngines/WindowsStandaloneSupport/UnityEditor.WindowsStandalone.Extensions.dll
Registered in 0.002690 seconds.
Native extension for WindowsStandalone target not found
Refreshing native plugins compatible for Editor in 78.15 ms, found 0 plugins.
Preloading 0 native plugins for Editor in 0.00 ms.
Invoked RoslynAnalysisRunner static constructor.
RoslynAnalysisRunner will not be running.
RoslynAnalysisRunner has terminated.
Mono: successfully reloaded assembly
- Completed reload, in  1.507 seconds
Platform modules already initialized, skipping
Registering precompiled user dll's ...
Registered in 0.021309 seconds.
Begin MonoManager ReloadAssembly
Symbol file LoadedFromMemory doesn't match image F:\SVN\Signed-Distance-Field-Generator\unity\SDF Generator\Library\PackageCache\com.unity.ext.nunit@1.0.0\net35\unity-custom\nunit.framework.dll
Native extension for WindowsStandalone target not found
Refreshing native plugins compatible for Editor in 79.28 ms, found 0 plugins.
Preloading 0 native plugins for Editor in 0.00 ms.
Invoked RoslynAnalysisRunner static constructor.
RoslynAnalysisRunner will not be running.
RoslynAnalysisRunner has terminated.
Mono: successfully reloaded assembly
- Completed reload, in  2.633 seconds
Platform modules already initialized, skipping
========================================================================
Worker process is ready to serve import requests
Shader 'Universal Render Pipeline/Particles/Lit': fallback shader 'Universal Render Pipeline/Particles/SimpleLit' not found
Launched and connected shader compiler UnityShaderCompiler.exe after 0.08 seconds
Refreshing native plugins compatible for Editor in 0.86 ms, found 0 plugins.
Preloading 0 native plugins for Editor in 0.00 ms.
Unloading 4136 Unused Serialized files (Serialized files now loaded: 0)
System memory in use before: 173.4 MB.
System memory in use after: 173.6 MB.

Unloading 46 unused Assets to reduce memory usage. Loaded Objects now: 4564.
Total: 4.395504 ms (FindLiveObjects: 0.494711 ms CreateObjectMapping: 0.379171 ms MarkObjects: 3.450950 ms  DeleteObjects: 0.069207 ms)

========================================================================
Received Import Request.
  path: Assets/Settings/UniversalRP-HighQuality.asset
  artifactKey: Guid(19ba41d7c0026c3459d37c2fe90c55a0) Importer(815301076,1909f56bfc062723c751e8b465ee728b)
Start importing Assets/Settings/UniversalRP-HighQuality.asset using Guid(19ba41d7c0026c3459d37c2fe90c55a0) Importer(815301076,1909f56bfc062723c751e8b465ee728b)  -> (artifact id: 'bb7ab84af6da7231d1675c26d03a35ac') in 0.036158 seconds
  Import took 0.044387 seconds .

========================================================================
Received Import Request.
  Time since last request: 3.332904 seconds.
  path: Assets/Settings/ForwardRenderer.asset
  artifactKey: Guid(4a8e21d5c33334b11b34a596161b9360) Importer(815301076,1909f56bfc062723c751e8b465ee728b)
Start importing Assets/Settings/ForwardRenderer.asset using Guid(4a8e21d5c33334b11b34a596161b9360) Importer(815301076,1909f56bfc062723c751e8b465ee728b)  -> (artifact id: '1521f2fa9a623bc9f287d4b89598eef8') in 0.002586 seconds
  Import took 0.010487 seconds .

========================================================================
Received Import Request.
  Time since last request: 0.000318 seconds.
  path: Assets/Settings/ForwardRenderer.asset
  artifactKey: Guid(4a8e21d5c33334b11b34a596161b9360) Importer(815301076,1909f56bfc062723c751e8b465ee728b)
Start importing Assets/Settings/ForwardRenderer.asset using Guid(4a8e21d5c33334b11b34a596161b9360) Importer(815301076,1909f56bfc062723c751e8b465ee728b)  -> (artifact id: '1521f2fa9a623bc9f287d4b89598eef8') in 0.002418 seconds
  Import took 0.010643 seconds .

========================================================================
Received Import Request.
  Time since last request: 5.487040 seconds.
  path: Assets/Settings/UniversalRP-LowQuality.asset
  artifactKey: Guid(a31e9f9f9c9d4b9429ed0d1234e22103) Importer(815301076,1909f56bfc062723c751e8b465ee728b)
Start importing Assets/Settings/UniversalRP-LowQuality.asset using Guid(a31e9f9f9c9d4b9429ed0d1234e22103) Importer(815301076,1909f56bfc062723c751e8b465ee728b)  -> (artifact id: '63ba013b27dedb853a61dcd68c5a5442') in 0.002953 seconds
  Import took 0.011129 seconds .

========================================================================
Received Import Request.
  Time since last request: 5.482315 seconds.
  path: Assets/Settings
  artifactKey: Guid(8d8141c1145ecae4d944e8f2b30ad377) Importer(815301076,1909f56bfc062723c751e8b465ee728b)
Start importing Assets/Settings using Guid(8d8141c1145ecae4d944e8f2b30ad377) Importer(815301076,1909f56bfc062723c751e8b465ee728b)  -> (artifact id: '9fae4e5077a44cea511e75dccd500e0f') in 0.001350 seconds
  Import took 0.009229 seconds .

========================================================================
Received Import Request.
  Time since last request: 19.878895 seconds.
  path: Packages/com.unity.render-pipelines.universal
  artifactKey: Guid(87f3e00faee74b02e6227b1c727beb50) Importer(815301076,1909f56bfc062723c751e8b465ee728b)
Start importing Packages/com.unity.render-pipelines.universal using Guid(87f3e00faee74b02e6227b1c727beb50) Importer(815301076,1909f56bfc062723c751e8b465ee728b)  -> (artifact id: '24d9f61ae06892b3d253a201b5c00424') in 0.001456 seconds
  Import took 0.009541 seconds .

========================================================================
Received Import Request.
  Time since last request: 0.001031 seconds.
  path: Packages/com.unity.render-pipelines.universal
  artifactKey: Guid(87f3e00faee74b02e6227b1c727beb50) Importer(815301076,1909f56bfc062723c751e8b465ee728b)
Start importing Packages/com.unity.render-pipelines.universal using Guid(87f3e00faee74b02e6227b1c727beb50) Importer(815301076,1909f56bfc062723c751e8b465ee728b)  -> (artifact id: '24d9f61ae06892b3d253a201b5c00424') in 0.001355 seconds
  Import took 0.009459 seconds .

========================================================================
Received Prepare
Reloading mono domain
Begin MonoManager ReloadAssembly
Registering precompiled unity dll's ...
Register platform support module: F:/Program Files/Unity 2020.2.0b12/Editor/Data/PlaybackEngines/WindowsStandaloneSupport/UnityEditor.WindowsStandalone.Extensions.dll
Registered in 0.000756 seconds.
Symbol file LoadedFromMemory doesn't match image F:\SVN\Signed-Distance-Field-Generator\unity\SDF Generator\Library\PackageCache\com.unity.ext.nunit@1.0.0\net35\unity-custom\nunit.framework.dll
Native extension for WindowsStandalone target not found
Refreshing native plugins compatible for Editor in 92.73 ms, found 0 plugins.
Preloading 0 native plugins for Editor in 0.00 ms.
Invoked RoslynAnalysisRunner static constructor.
RoslynAnalysisRunner will not be running.
RoslynAnalysisRunner has terminated.
Mono: successfully reloaded assembly
- Completed reload, in  1.951 seconds
Platform modules already initialized, skipping
Registering precompiled user dll's ...
Registered in 0.006164 seconds.
Begin MonoManager ReloadAssembly
Symbol file LoadedFromMemory doesn't match image F:\SVN\Signed-Distance-Field-Generator\unity\SDF Generator\Library\PackageCache\com.unity.ext.nunit@1.0.0\net35\unity-custom\nunit.framework.dll
Native extension for WindowsStandalone target not found
Refreshing native plugins compatible for Editor in 1.04 ms, found 0 plugins.
Preloading 0 native plugins for Editor in 0.00 ms.
Invoked RoslynAnalysisRunner static constructor.
RoslynAnalysisRunner will not be running.
RoslynAnalysisRunner has terminated.
Mono: successfully reloaded assembly
- Completed reload, in  1.954 seconds
Platform modules already initialized, skipping
Shader 'Universal Render Pipeline/Particles/Lit': fallback shader 'Universal Render Pipeline/Particles/SimpleLit' not found
Refreshing native plugins compatible for Editor in 0.86 ms, found 0 plugins.
Preloading 0 native plugins for Editor in 0.00 ms.
Unloading 39 Unused Serialized files (Serialized files now loaded: 0)
System memory in use before: 89.1 MB.
System memory in use after: 89.3 MB.

Unloading 35 unused Assets to reduce memory usage. Loaded Objects now: 4574.
Total: 4.796375 ms (FindLiveObjects: 0.617875 ms CreateObjectMapping: 0.424038 ms MarkObjects: 3.722206 ms  DeleteObjects: 0.030498 ms)

========================================================================
Received Import Request.
  Time since last request: 179.280085 seconds.
  path: Packages/com.unity.render-pipelines.universal/package.json
  artifactKey: Guid(30648b8d550465f4bb77f1e1afd0b37d) Importer(815301076,1909f56bfc062723c751e8b465ee728b)
Start importing Packages/com.unity.render-pipelines.universal/package.json using Guid(30648b8d550465f4bb77f1e1afd0b37d) Importer(815301076,1909f56bfc062723c751e8b465ee728b)  -> (artifact id: '5d5047b9e92c47894d3aa560a5f70763') in 0.024531 seconds
  Import took 0.033297 seconds .

========================================================================
Received Import Request.
  Time since last request: 0.004688 seconds.
  path: Packages/com.unity.render-pipelines.universal/package.json
  artifactKey: Guid(30648b8d550465f4bb77f1e1afd0b37d) Importer(815301076,1909f56bfc062723c751e8b465ee728b)
Start importing Packages/com.unity.render-pipelines.universal/package.json using Guid(30648b8d550465f4bb77f1e1afd0b37d) Importer(815301076,1909f56bfc062723c751e8b465ee728b)  -> (artifact id: '5d5047b9e92c47894d3aa560a5f70763') in 0.002209 seconds
  Import took 0.010432 seconds .

========================================================================
Received Prepare
Reloading mono domain
Begin MonoManager ReloadAssembly
Registering precompiled unity dll's ...
Register platform support module: F:/Program Files/Unity 2020.2.0b12/Editor/Data/PlaybackEngines/WindowsStandaloneSupport/UnityEditor.WindowsStandalone.Extensions.dll
Registered in 0.000770 seconds.
Symbol file LoadedFromMemory doesn't match image F:\SVN\Signed-Distance-Field-Generator\unity\SDF Generator\Library\PackageCache\com.unity.ext.nunit@1.0.0\net35\unity-custom\nunit.framework.dll
Native extension for WindowsStandalone target not found
Refreshing native plugins compatible for Editor in 80.47 ms, found 0 plugins.
Preloading 0 native plugins for Editor in 0.00 ms.
Invoked RoslynAnalysisRunner static constructor.
RoslynAnalysisRunner will not be running.
RoslynAnalysisRunner has terminated.
Mono: successfully reloaded assembly
- Completed reload, in  2.000 seconds
Platform modules already initialized, skipping
Registering precompiled user dll's ...
Registered in 0.005263 seconds.
Begin MonoManager ReloadAssembly
Symbol file LoadedFromMemory doesn't match image F:\SVN\Signed-Distance-Field-Generator\unity\SDF Generator\Library\PackageCache\com.unity.ext.nunit@1.0.0\net35\unity-custom\nunit.framework.dll
Native extension for WindowsStandalone target not found
Refreshing native plugins compatible for Editor in 0.87 ms, found 0 plugins.
Preloading 0 native plugins for Editor in 0.00 ms.
Invoked RoslynAnalysisRunner static constructor.
RoslynAnalysisRunner will not be running.
RoslynAnalysisRunner has terminated.
Mono: successfully reloaded assembly
- Completed reload, in  1.978 seconds
Platform modules already initialized, skipping
Shader 'Universal Render Pipeline/Particles/Lit': fallback shader 'Universal Render Pipeline/Particles/SimpleLit' not found
Refreshing native plugins compatible for Editor in 0.82 ms, found 0 plugins.
Preloading 0 native plugins for Editor in 0.00 ms.
Unloading 37 Unused Serialized files (Serialized files now loaded: 0)
System memory in use before: 90.1 MB.
System memory in use after: 90.3 MB.

Unloading 35 unused Assets to reduce memory usage. Loaded Objects now: 4582.
Total: 4.140378 ms (FindLiveObjects: 0.356004 ms CreateObjectMapping: 0.234012 ms MarkObjects: 3.474997 ms  DeleteObjects: 0.074485 ms)

========================================================================
Received Import Request.
  Time since last request: 76.952055 seconds.
  path: Assets/Demo Scene/SDF
  artifactKey: Guid(96fd0798967714d91a948a3bfd57e5ac) Importer(815301076,1909f56bfc062723c751e8b465ee728b)
Start importing Assets/Demo Scene/SDF using Guid(96fd0798967714d91a948a3bfd57e5ac) Importer(815301076,1909f56bfc062723c751e8b465ee728b)  -> (artifact id: 'fc9c0c4faa05bf0084898eb8b3fd30fa') in 0.002605 seconds
  Import took 0.012071 seconds .

========================================================================
Received Import Request.
  Time since last request: 6.176645 seconds.
  path: Assets/Signed Distance Field Generator/Scripts/Clustering.cs
  artifactKey: Guid(ad73441a75c958146ba46786dc7c8946) Importer(815301076,1909f56bfc062723c751e8b465ee728b)
Start importing Assets/Signed Distance Field Generator/Scripts/Clustering.cs using Guid(ad73441a75c958146ba46786dc7c8946) Importer(815301076,1909f56bfc062723c751e8b465ee728b)  -> (artifact id: '68aec25d84bdb9abb80f5825c5b03809') in 0.022352 seconds
  Import took 0.030189 seconds .

========================================================================
Received Import Request.
  Time since last request: 0.002816 seconds.
  path: Assets/Signed Distance Field Generator/Scripts/Clustering.cs
  artifactKey: Guid(ad73441a75c958146ba46786dc7c8946) Importer(815301076,1909f56bfc062723c751e8b465ee728b)
Start importing Assets/Signed Distance Field Generator/Scripts/Clustering.cs using Guid(ad73441a75c958146ba46786dc7c8946) Importer(815301076,1909f56bfc062723c751e8b465ee728b)  -> (artifact id: '68aec25d84bdb9abb80f5825c5b03809') in 0.001471 seconds
  Import took 0.009277 seconds .

========================================================================
Received Import Request.
  Time since last request: 300.236645 seconds.
  path: Packages/com.unity.render-pipelines.universal/Runtime
  artifactKey: Guid(79e8584360be43649ad60cb0f180e904) Importer(815301076,1909f56bfc062723c751e8b465ee728b)
Start importing Packages/com.unity.render-pipelines.universal/Runtime using Guid(79e8584360be43649ad60cb0f180e904) Importer(815301076,1909f56bfc062723c751e8b465ee728b)  -> (artifact id: '2e626f8736a7cdacd769f4592ac39427') in 0.002857 seconds
  Import took 0.012469 seconds .

========================================================================
Received Import Request.
  Time since last request: 1.286562 seconds.
  path: Packages/com.unity.render-pipelines.universal/Runtime/DeferredShaderData.cs
  artifactKey: Guid(453d30b9598fc344f9c379d3cfb8a186) Importer(815301076,1909f56bfc062723c751e8b465ee728b)
Start importing Packages/com.unity.render-pipelines.universal/Runtime/DeferredShaderData.cs using Guid(453d30b9598fc344f9c379d3cfb8a186) Importer(815301076,1909f56bfc062723c751e8b465ee728b)  -> (artifact id: '46241ac34f02b1c76815a8e1107a6f04') in 0.002126 seconds
  Import took 0.011014 seconds .

========================================================================
Received Import Request.
  Time since last request: 73.499440 seconds.
  path: Packages/com.unity.render-pipelines.universal/Runtime/DeferredLights.cs
  artifactKey: Guid(f8a1318f0ebaa394fbc8d104806092b4) Importer(815301076,1909f56bfc062723c751e8b465ee728b)
Start importing Packages/com.unity.render-pipelines.universal/Runtime/DeferredLights.cs using Guid(f8a1318f0ebaa394fbc8d104806092b4) Importer(815301076,1909f56bfc062723c751e8b465ee728b)  -> (artifact id: '2f60f9e21f87d57335c92d2d3bb80cd1') in 0.002325 seconds
  Import took 0.010873 seconds .

========================================================================
Received Import Request.
  Time since last request: 6.573299 seconds.
  path: Packages/com.unity.render-pipelines.universal/Runtime/ComponentUtility.cs
  artifactKey: Guid(06368c8598883e74380014e9a7db3e7c) Importer(815301076,1909f56bfc062723c751e8b465ee728b)
Start importing Packages/com.unity.render-pipelines.universal/Runtime/ComponentUtility.cs using Guid(06368c8598883e74380014e9a7db3e7c) Importer(815301076,1909f56bfc062723c751e8b465ee728b)  -> (artifact id: '080d1a38d1e72ba16d4a13cdb991324e') in 0.002139 seconds
  Import took 0.010825 seconds .

========================================================================
Received Import Request.
  Time since last request: 1.394468 seconds.
  path: Packages/com.unity.render-pipelines.universal/Runtime/DeferredTiler.cs
  artifactKey: Guid(b56278b8b1561084a908cbc35378f53b) Importer(815301076,1909f56bfc062723c751e8b465ee728b)
Start importing Packages/com.unity.render-pipelines.universal/Runtime/DeferredTiler.cs using Guid(b56278b8b1561084a908cbc35378f53b) Importer(815301076,1909f56bfc062723c751e8b465ee728b)  -> (artifact id: 'b19ce84ab8ab6e21f2e39f33e8fb7817') in 0.002013 seconds
  Import took 0.009851 seconds .

========================================================================
Received Prepare
Reloading mono domain
Begin MonoManager ReloadAssembly
Registering precompiled unity dll's ...
Register platform support module: F:/Program Files/Unity 2020.2.0b12/Editor/Data/PlaybackEngines/WindowsStandaloneSupport/UnityEditor.WindowsStandalone.Extensions.dll
Registered in 0.000976 seconds.
Symbol file LoadedFromMemory doesn't match image F:\SVN\Signed-Distance-Field-Generator\unity\SDF Generator\Library\PackageCache\com.unity.ext.nunit@1.0.0\net35\unity-custom\nunit.framework.dll
Native extension for WindowsStandalone target not found
Refreshing native plugins compatible for Editor in 103.75 ms, found 0 plugins.
Preloading 0 native plugins for Editor in 0.00 ms.
Invoked RoslynAnalysisRunner static constructor.
RoslynAnalysisRunner will not be running.
RoslynAnalysisRunner has terminated.
Mono: successfully reloaded assembly
- Completed reload, in  2.552 seconds
Platform modules already initialized, skipping
Registering precompiled user dll's ...
Registered in 0.006768 seconds.
Begin MonoManager ReloadAssembly
Symbol file LoadedFromMemory doesn't match image F:\SVN\Signed-Distance-Field-Generator\unity\SDF Generator\Library\PackageCache\com.unity.ext.nunit@1.0.0\net35\unity-custom\nunit.framework.dll
Native extension for WindowsStandalone target not found
Refreshing native plugins compatible for Editor in 1.08 ms, found 0 plugins.
Preloading 0 native plugins for Editor in 0.00 ms.
Invoked RoslynAnalysisRunner static constructor.
RoslynAnalysisRunner will not be running.
RoslynAnalysisRunner has terminated.
Mono: successfully reloaded assembly
- Completed reload, in  2.965 seconds
Platform modules already initialized, skipping
Shader 'Universal Render Pipeline/Particles/Lit': fallback shader 'Universal Render Pipeline/Particles/SimpleLit' not found
Refreshing native plugins compatible for Editor in 0.97 ms, found 0 plugins.
Preloading 0 native plugins for Editor in 0.00 ms.
Unloading 37 Unused Serialized files (Serialized files now loaded: 0)
System memory in use before: 90.1 MB.
System memory in use after: 90.3 MB.

Unloading 35 unused Assets to reduce memory usage. Loaded Objects now: 4590.
Total: 6.843544 ms (FindLiveObjects: 0.495884 ms CreateObjectMapping: 0.264217 ms MarkObjects: 6.034765 ms  DeleteObjects: 0.046627 ms)

========================================================================
Received Import Request.
  Time since last request: 1643.732944 seconds.
  path: Assets/ExampleAssets/Shaders/Paint1G_WAnim_Shader.ShaderGraph
  artifactKey: Guid(5e5eca56e1993e741b41ac9c687d01a5) Importer(815301076,1909f56bfc062723c751e8b465ee728b)
Start importing Assets/ExampleAssets/Shaders/Paint1G_WAnim_Shader.ShaderGraph using Guid(5e5eca56e1993e741b41ac9c687d01a5) Importer(815301076,1909f56bfc062723c751e8b465ee728b)  -> (artifact id: '57398679d4e7fc8fb8ddcadf310abcbd') in 0.016371 seconds
  Import took 0.025425 seconds .

========================================================================
Received Import Request.
  Time since last request: 0.353139 seconds.
  path: Assets/ExampleAssets/Shaders/Paint1G_WAnim_Shader.ShaderGraph
  artifactKey: Guid(5e5eca56e1993e741b41ac9c687d01a5) Importer(815301076,1909f56bfc062723c751e8b465ee728b)
Start importing Assets/ExampleAssets/Shaders/Paint1G_WAnim_Shader.ShaderGraph using Guid(5e5eca56e1993e741b41ac9c687d01a5) Importer(815301076,1909f56bfc062723c751e8b465ee728b)  -> (artifact id: '57398679d4e7fc8fb8ddcadf310abcbd') in 0.003037 seconds
  Import took 0.011620 seconds .

